Log at : 2020/8/18|21:16:17|GMT+0800

Log at : 2020/8/23|20:39:29|GMT+0800

Log at : 2020/9/18|19:26:35|GMT+0800

Log at : 2020/9/18|20:06:06|GMT+0800

Log at : 2020/9/18|20:06:50|GMT+0800

Log at : 2020/9/18|20:07:06|GMT+0800

Log at : 2020/9/18|20:07:32|GMT+0800

Log at : 2020/9/18|20:14:03|GMT+0800

Log at : 2020/9/18|20:14:29|GMT+0800

Log at : 2020/9/18|20:28:46|GMT+0800

Log at : 2020/9/21|15:53:45|GMT+0800

Log at : 2020/9/22|16:13:52|GMT+0800

Log at : 2020/9/22|17:08:11|GMT+0800

Log at : 2020/9/22|17:08:22|GMT+0800

Log at : 2020/9/25|15:48:59|GMT+0800

Log at : 2020/9/25|16:31:09|GMT+0800

Log at : 2020/9/25|16:35:26|GMT+0800

Log at : 2020/9/26|08:35:47|GMT+0800

Log at : 2020/9/26|08:36:32|GMT+0800

Log at : 2020/9/26|09:06:35|GMT+0800

Log at : 2020/9/26|22:10:53|GMT+0800

Log at : 2020/9/28|14:18:39|GMT+0800

Log at : 2020/9/30|10:12:33|GMT+0800

Log at : 2020/9/30|10:13:22|GMT+0800

Log at : 2020/9/30|10:14:59|GMT+0800

Log at : 2020/9/30|10:15:20|GMT+0800

Log at : 2020/9/30|10:16:16|GMT+0800

Log at : 2020/9/30|10:17:39|GMT+0800

Log at : 2020/9/30|11:19:11|GMT+0800

Log at : 2020/10/3|17:22:22|GMT+0800

Log at : 2020/10/14|15:50:18|GMT+0800

Log at : 2020/10/14|16:00:41|GMT+0800

Log at : 2020/10/14|16:00:50|GMT+0800

Log at : 2020/10/14|16:10:48|GMT+0800

Log at : 2020/10/14|16:10:57|GMT+0800

Log at : 2020/10/14|16:12:08|GMT+0800

Log at : 2020/10/14|16:46:29|GMT+0800

Log at : 2020/10/14|16:47:01|GMT+0800

Log at : 2020/10/14|16:59:44|GMT+0800

Log at : 2020/10/14|16:59:53|GMT+0800

Log at : 2020/10/14|17:10:18|GMT+0800

Log at : 2020/10/14|17:22:46|GMT+0800

Log at : 2020/10/14|17:25:33|GMT+0800

Log at : 2020/10/14|17:25:38|GMT+0800

Log at : 2020/10/14|20:17:32|GMT+0800

Log at : 2020/10/14|20:46:57|GMT+0800

Log at : 2020/10/14|20:50:28|GMT+0800

Log at : 2020/10/14|21:13:51|GMT+0800

Log at : 2020/10/14|21:13:56|GMT+0800

Log at : 2020/10/16|11:54:47|GMT+0800

Log at : 2020/10/17|14:53:01|GMT+0800

Log at : 2020/10/17|14:53:07|GMT+0800

Log at : 2020/10/17|19:57:26|GMT+0800

Log at : 2020/10/17|19:57:32|GMT+0800

Log at : 2020/10/18|19:26:23|GMT+0800

[Project Close]: project
Log at : 2020/10/18|20:02:38|GMT+0800

Log at : 2020/10/18|20:02:43|GMT+0800

Log at : 2020/10/21|18:12:29|GMT+0800

Log at : 2020/10/23|18:33:11|GMT+0800

Log at : 2020/10/23|18:45:02|GMT+0800

Log at : 2020/10/23|18:47:11|GMT+0800

Log at : 2020/10/23|18:52:17|GMT+0800

Log at : 2020/10/23|18:57:39|GMT+0800

Log at : 2020/10/23|19:03:26|GMT+0800

Log at : 2020/10/23|19:11:50|GMT+0800

Log at : 2020/10/23|19:16:06|GMT+0800

[Project Close]: project
Log at : 2020/10/23|19:17:43|GMT+0800

Log at : 2020/10/23|19:21:18|GMT+0800

SyntaxError: Unexpected token ] in JSON at position 1721
    at JSON.parse (<anonymous>)
    at I.updateCppProperties (c:\Users\huzhijie\.vscode\extensions\cl.keil-assistant-1.6.2\dist\extension.js:1:9921)
    at I.<anonymous> (c:\Users\huzhijie\.vscode\extensions\cl.keil-assistant-1.6.2\dist\extension.js:1:11492)
    at Generator.next (<anonymous>)
    at c:\Users\huzhijie\.vscode\extensions\cl.keil-assistant-1.6.2\dist\extension.js:1:4542
    at new Promise (<anonymous>)
    at r (c:\Users\huzhijie\.vscode\extensions\cl.keil-assistant-1.6.2\dist\extension.js:1:4287)
    at I.load (c:\Users\huzhijie\.vscode\extensions\cl.keil-assistant-1.6.2\dist\extension.js:1:10382)
    at x.<anonymous> (c:\Users\huzhijie\.vscode\extensions\cl.keil-assistant-1.6.2\dist\extension.js:1:8182)
    at Generator.next (<anonymous>)
    at a (c:\Users\huzhijie\.vscode\extensions\cl.keil-assistant-1.6.2\dist\extension.js:1:4344)
    at processTicksAndRejections (internal/process/task_queues.js:94:5)
Log at : 2020/10/23|19:22:27|GMT+0800

Log at : 2020/10/23|19:22:32|GMT+0800

[Project Close]: project
Log at : 2020/10/23|19:26:53|GMT+0800

[Project Close]: project
Log at : 2020/10/23|19:27:02|GMT+0800

Log at : 2020/10/23|21:22:47|GMT+0800

Log at : 2020/10/23|21:22:55|GMT+0800

Log at : 2020/10/24|13:09:48|GMT+0800

Log at : 2020/10/26|17:16:37|GMT+0800

Log at : 2020/10/26|17:17:19|GMT+0800

Log at : 2020/10/26|17:19:47|GMT+0800

Log at : 2020/10/26|17:32:10|GMT+0800

Log at : 2020/10/26|17:32:14|GMT+0800

Log at : 2020/10/26|18:29:04|GMT+0800

[Project Close]: project
Log at : 2020/10/26|21:31:32|GMT+0800

Log at : 2020/10/26|21:31:36|GMT+0800

Log at : 2020/10/26|21:34:22|GMT+0800

[Project Close]: project
Log at : 2020/10/26|22:03:26|GMT+0800

Log at : 2020/10/26|22:03:32|GMT+0800

Log at : 2020/10/26|22:08:24|GMT+0800

[Project Close]: project
Log at : 2020/10/26|22:12:47|GMT+0800

Log at : 2020/10/26|22:12:53|GMT+0800

Log at : 2020/10/26|22:17:04|GMT+0800

[Project Close]: project
Log at : 2020/10/27|08:06:58|GMT+0800

Log at : 2020/10/27|08:07:03|GMT+0800

Log at : 2020/10/27|09:21:13|GMT+0800

[Project Close]: project
Log at : 2020/10/27|20:44:34|GMT+0800

Log at : 2020/10/27|20:44:40|GMT+0800

[Project Close]: project
Log at : 2020/10/28|09:52:40|GMT+0800

Log at : 2020/10/28|09:52:46|GMT+0800

[Project Close]: project
Log at : 2020/10/28|16:09:30|GMT+0800

Log at : 2020/10/28|16:09:36|GMT+0800

Log at : 2020/10/28|18:43:55|GMT+0800

Log at : 2020/10/28|18:44:01|GMT+0800

Log at : 2020/10/28|18:54:53|GMT+0800

Log at : 2020/10/28|18:54:58|GMT+0800

Log at : 2020/10/30|09:53:24|GMT+0800

Log at : 2020/10/30|10:27:50|GMT+0800

Log at : 2020/11/3|09:15:45|GMT+0800

Log at : 2020/11/3|09:15:51|GMT+0800

Log at : 2020/11/3|16:15:26|GMT+0800

Log at : 2020/11/3|18:15:26|GMT+0800

Log at : 2020/11/3|18:15:35|GMT+0800

Log at : 2020/11/3|19:49:39|GMT+0800

[Project Close]: project
Log at : 2020/11/3|19:49:45|GMT+0800

Log at : 2020/11/3|20:10:14|GMT+0800

Log at : 2020/11/3|20:19:17|GMT+0800

Log at : 2020/11/3|21:14:56|GMT+0800

Log at : 2020/11/3|22:19:55|GMT+0800

Log at : 2020/11/3|22:20:00|GMT+0800

Log at : 2020/11/4|09:49:11|GMT+0800

Log at : 2020/11/4|10:07:43|GMT+0800

Log at : 2020/11/4|11:11:41|GMT+0800

Log at : 2020/11/4|18:21:55|GMT+0800

Log at : 2020/11/4|19:02:22|GMT+0800

Log at : 2020/11/4|19:02:27|GMT+0800

Log at : 2020/11/4|19:25:13|GMT+0800

Log at : 2020/11/4|19:30:23|GMT+0800

Log at : 2020/11/4|19:30:27|GMT+0800

Log at : 2020/11/4|20:18:49|GMT+0800

Log at : 2020/11/5|13:12:41|GMT+0800

Log at : 2020/11/5|13:17:26|GMT+0800

Log at : 2020/11/6|10:14:55|GMT+0800

Log at : 2020/11/6|17:30:14|GMT+0800

Log at : 2020/11/6|17:36:11|GMT+0800

Log at : 2020/11/6|17:36:46|GMT+0800

Log at : 2020/11/6|17:36:57|GMT+0800

Log at : 2020/11/6|18:17:32|GMT+0800

[Project Close]: project
Log at : 2020/11/6|18:21:03|GMT+0800

Log at : 2020/11/6|18:21:12|GMT+0800

Log at : 2020/11/6|18:27:09|GMT+0800

Log at : 2020/11/6|18:31:08|GMT+0800

Log at : 2020/11/6|18:50:50|GMT+0800

Log at : 2020/11/6|18:50:54|GMT+0800

Log at : 2020/11/6|19:11:56|GMT+0800

[Project Close]: project
Log at : 2020/11/6|19:45:08|GMT+0800

Log at : 2020/11/6|19:45:14|GMT+0800

